<?xml version="1.0" encoding="UTF-8"?>
<testng-results skipped="0" failed="0" total="1" passed="1">
  <reporter-output>
  </reporter-output>
  <suite name="Default suite" duration-ms="44791" started-at="2017-09-24T07:52:11Z" finished-at="2017-09-24T07:52:56Z">
    <groups>
    </groups>
    <test name="Default test" duration-ms="44791" started-at="2017-09-24T07:52:11Z" finished-at="2017-09-24T07:52:56Z">
      <class name="com.scp.logintests.LoginTest">
        <test-method status="PASS" signature="loginOrangeHRM()[pri:0, instance:com.scp.logintests.LoginTest@58c86119]" name="loginOrangeHRM" duration-ms="44711" started-at="2017-09-24T13:22:12Z" finished-at="2017-09-24T13:22:56Z">
          <reporter-output>
          </reporter-output>
        </test-method> <!-- loginOrangeHRM -->
      </class> <!-- com.scp.logintests.LoginTest -->
    </test> <!-- Default test -->
  </suite> <!-- Default suite -->
</testng-results>
